#
# There is insufficient memory for the Java Runtime Environment to continue.
# Native memory allocation (malloc) failed to allocate 32744 bytes for Chunk::new
# Possible reasons:
#   The system is out of physical RAM or swap space
#   The process is running with CompressedOops enabled, and the Java Heap may be blocking the growth of the native heap
# Possible solutions:
#   Reduce memory load on the system
#   Increase physical memory or swap space
#   Check if swap backing store is full
#   Decrease Java heap size (-Xmx/-Xms)
#   Decrease number of Java threads
#   Decrease Java thread stack sizes (-Xss)
#   Set larger code cache with -XX:ReservedCodeCacheSize=
#   JVM is running with Unscaled Compressed Oops mode in which the Java heap is
#     placed in the first 4GB address space. The Java Heap base address is the
#     maximum limit for the native heap growth. Please use -XX:HeapBaseMinAddress
#     to set the Java Heap base and to place the Java Heap above 4GB virtual address.
# This output file may be truncated or incomplete.
#
#  Out of Memory Error (arena.cpp:168), pid=24896, tid=26064
#
# JRE version: Java(TM) SE Runtime Environment (21.0.2+13) (build 21.0.2+13-LTS-58)
# Java VM: Java HotSpot(TM) 64-Bit Server VM (21.0.2+13-LTS-58, mixed mode, tiered, compressed oops, compressed class ptrs, parallel gc, windows-amd64)
# No core dump will be written. Minidumps are not enabled by default on client versions of Windows
#

---------------  S U M M A R Y ------------

Command Line: --add-modules=ALL-SYSTEM --add-opens=java.base/java.util=ALL-UNNAMED --add-opens=java.base/java.lang=ALL-UNNAMED --add-opens=java.base/sun.nio.fs=ALL-UNNAMED -Declipse.application=org.eclipse.jdt.ls.core.id1 -Dosgi.bundles.defaultStartLevel=4 -Declipse.product=org.eclipse.jdt.ls.core.product -Djava.import.generatesMetadataFilesAtProjectRoot=false -DDetectVMInstallationsJob.disabled=true -Dfile.encoding=utf8 -XX:+UseParallelGC -XX:GCTimeRatio=4 -XX:AdaptiveSizePolicyWeight=90 -Dsun.zip.disableMemoryMapping=true -Xmx1G -Xms100m -Xlog:disable -javaagent:c:\Users\kaueh\.vscode\extensions\redhat.java-1.34.0-win32-x64\lombok\lombok-1.18.33.jar -XX:+HeapDumpOnOutOfMemoryError -XX:HeapDumpPath=c:\Users\kaueh\AppData\Roaming\Code\User\workspaceStorage\7f4693064c4c560487041e3fad78476f\redhat.java -Daether.dependencyCollector.impl=bf c:\Users\kaueh\.vscode\extensions\redhat.java-1.34.0-win32-x64\server\plugins\org.eclipse.equinox.launcher_1.6.900.v20240613-2009.jar -configuration c:\Users\kaueh\AppData\Roaming\Code\User\globalStorage\redhat.java\1.34.0\config_win -data c:\Users\kaueh\AppData\Roaming\Code\User\workspaceStorage\7f4693064c4c560487041e3fad78476f\redhat.java\jdt_ws --pipe=\\.\pipe\lsp-1f82e2a4ff406ea3511dc87b9b7f27ad-sock

Host: Intel(R) Celeron(R) N4020 CPU @ 1.10GHz, 2 cores, 3G,  Windows 11 , 64 bit Build 22621 (10.0.22621.3958)
Time: Thu Sep 19 22:55:25 2024 Hora oficial do Brasil elapsed time: 6.120398 seconds (0d 0h 0m 6s)

---------------  T H R E A D  ---------------

Current thread (0x000001e3829db9c0):  JavaThread "C1 CompilerThread0" daemon [_thread_in_native, id=26064, stack(0x000000c92b100000,0x000000c92b200000) (1024K)]


Current CompileTask:
C1:   6120    7       3       jdk.internal.util.ArraysSupport::vectorizedHashCode (158 bytes)

Stack: [0x000000c92b100000,0x000000c92b200000]
Native frames: (J=compiled Java code, j=interpreted, Vv=VM code, C=native code)
V  [jvm.dll+0x6cade9]
V  [jvm.dll+0x8569c1]
V  [jvm.dll+0x858d2e]
V  [jvm.dll+0x859413]
V  [jvm.dll+0x280e56]
V  [jvm.dll+0xc3f3d]
V  [jvm.dll+0xc4473]
V  [jvm.dll+0x17d2c0]
V  [jvm.dll+0x180cd3]
V  [jvm.dll+0x17de7e]
V  [jvm.dll+0x16bf60]
V  [jvm.dll+0x1548c7]
V  [jvm.dll+0x154208]
V  [jvm.dll+0x154444]
V  [jvm.dll+0x153886]
V  [jvm.dll+0x1555ed]
V  [jvm.dll+0x258859]
V  [jvm.dll+0x256e3a]
V  [jvm.dll+0x3ef6c6]
V  [jvm.dll+0x7ff568]
V  [jvm.dll+0x6c953d]
C  [ucrtbase.dll+0x29333]
C  [KERNEL32.DLL+0x1257d]
C  [ntdll.dll+0x5af28]


---------------  P R O C E S S  ---------------

Threads class SMR info:
_java_thread_list=0x000001e3821bc0e0, length=9, elements={
0x000001e3e8a50500, 0x000001e3821b4f10, 0x000001e3821b7760, 0x000001e3821bd420,
0x000001e3821bff90, 0x000001e3821cafd0, 0x000001e3821cb640, 0x000001e3821cc3d0,
0x000001e3829db9c0
}

Java Threads: ( => current thread )
  0x000001e3e8a50500 JavaThread "main"                              [_thread_in_Java, id=19940, stack(0x000000c92a500000,0x000000c92a600000) (1024K)]
  0x000001e3821b4f10 JavaThread "Reference Handler"          daemon [_thread_blocked, id=11352, stack(0x000000c92aa00000,0x000000c92ab00000) (1024K)]
  0x000001e3821b7760 JavaThread "Finalizer"                  daemon [_thread_blocked, id=24508, stack(0x000000c92ab00000,0x000000c92ac00000) (1024K)]
  0x000001e3821bd420 JavaThread "Signal Dispatcher"          daemon [_thread_blocked, id=29084, stack(0x000000c92ac00000,0x000000c92ad00000) (1024K)]
  0x000001e3821bff90 JavaThread "Attach Listener"            daemon [_thread_blocked, id=22024, stack(0x000000c92ad00000,0x000000c92ae00000) (1024K)]
  0x000001e3821cafd0 JavaThread "Service Thread"             daemon [_thread_blocked, id=21404, stack(0x000000c92ae00000,0x000000c92af00000) (1024K)]
  0x000001e3821cb640 JavaThread "Monitor Deflation Thread"   daemon [_thread_blocked, id=23472, stack(0x000000c92af00000,0x000000c92b000000) (1024K)]
  0x000001e3821cc3d0 JavaThread "C2 CompilerThread0"         daemon [_thread_blocked, id=23828, stack(0x000000c92b000000,0x000000c92b100000) (1024K)]
=>0x000001e3829db9c0 JavaThread "C1 CompilerThread0"         daemon [_thread_in_native, id=26064, stack(0x000000c92b100000,0x000000c92b200000) (1024K)]
Total: 9

Other Threads:
  0x000001e3e8adb980 VMThread "VM Thread"                           [id=17460, stack(0x000000c92a900000,0x000000c92aa00000) (1024K)]
  0x000001e3820dcb00 WatcherThread "VM Periodic Task Thread"        [id=5216, stack(0x000000c92a800000,0x000000c92a900000) (1024K)]
  0x000001e3e8a6f6c0 WorkerThread "GC Thread#0"                     [id=22776, stack(0x000000c92a700000,0x000000c92a800000) (1024K)]
Total: 3

Threads with active compile tasks:
C1 CompilerThread0     7284    7       3       jdk.internal.util.ArraysSupport::vectorizedHashCode (158 bytes)
Total: 1

VM state: not at safepoint (normal execution)

VM Mutex/Monitor currently owned by a thread: None

Heap address: 0x00000000c0000000, size: 1024 MB, Compressed Oops mode: 32-bit

CDS archive(s) not mapped
Compressed class space mapped at: 0x0000000100000000-0x0000000140000000, reserved size: 1073741824
Narrow klass base: 0x0000000000000000, Narrow klass shift: 3, Narrow klass range: 0x140000000

GC Precious Log:
 CardTable entry size: 512
 CPUs: 2 total, 2 available
 Memory: 3737M
 Large Page Support: Disabled
 NUMA Support: Disabled
 Compressed Oops: Enabled (32-bit)
 Alignments: Space 512K, Generation 512K, Heap 2M
 Heap Min Capacity: 100M
 Heap Initial Capacity: 100M
 Heap Max Capacity: 1G
 Pre-touch: Disabled
 Parallel Workers: 2

Heap:
 PSYoungGen      total 29696K, used 2048K [0x00000000eab00000, 0x00000000ecc00000, 0x0000000100000000)
  eden space 25600K, 8% used [0x00000000eab00000,0x00000000ead00178,0x00000000ec400000)
  from space 4096K, 0% used [0x00000000ec800000,0x00000000ec800000,0x00000000ecc00000)
  to   space 4096K, 0% used [0x00000000ec400000,0x00000000ec400000,0x00000000ec800000)
 ParOldGen       total 68608K, used 0K [0x00000000c0000000, 0x00000000c4300000, 0x00000000eab00000)
  object space 68608K, 0% used [0x00000000c0000000,0x00000000c0000000,0x00000000c4300000)
 Metaspace       used 3661K, committed 3712K, reserved 1114112K
  class space    used 273K, committed 320K, reserved 1048576K

Card table byte_map: [0x000001e3e83f0000,0x000001e3e8600000] _byte_map_base: 0x000001e3e7df0000

Marking Bits: (ParMarkBitMap*) 0x00007ffeb0671cc0
 Begin Bits: [0x000001e380000000, 0x000001e381000000)
 End Bits:   [0x000001e381000000, 0x000001e382000000)

Polling page: 0x000001e3e68c0000

Metaspace:

Usage:
  Non-class:      3.31 MB used.
      Class:    273.38 KB used.
       Both:      3.58 MB used.

Virtual space:
  Non-class space:       64.00 MB reserved,       3.31 MB (  5%) committed,  1 nodes.
      Class space:        1.00 GB reserved,     320.00 KB ( <1%) committed,  1 nodes.
             Both:        1.06 GB reserved,       3.62 MB ( <1%) committed. 

Chunk freelists:
   Non-Class:  12.00 MB
       Class:  15.62 MB
        Both:  27.62 MB

MaxMetaspaceSize: unlimited
CompressedClassSpaceSize: 1.00 GB
Initial GC threshold: 21.00 MB
Current GC threshold: 21.00 MB
CDS: off
 - commit_granule_bytes: 65536.
 - commit_granule_words: 8192.
 - virtual_space_node_default_size: 8388608.
 - enlarge_chunks_in_place: 1.
 - use_allocation_guard: 0.


Internal statistics:

num_allocs_failed_limit: 0.
num_arena_births: 2.
num_arena_deaths: 0.
num_vsnodes_births: 2.
num_vsnodes_deaths: 0.
num_space_committed: 58.
num_space_uncommitted: 0.
num_chunks_returned_to_freelist: 0.
num_chunks_taken_from_freelist: 4.
num_chunk_merges: 0.
num_chunk_splits: 2.
num_chunks_enlarged: 0.
num_inconsistent_stats: 0.

CodeHeap 'non-profiled nmethods': size=120064Kb used=1Kb max_used=1Kb free=120062Kb
 bounds [0x000001e3f8970000, 0x000001e3f8be0000, 0x000001e3ffeb0000]
CodeHeap 'profiled nmethods': size=120000Kb used=7Kb max_used=7Kb free=119992Kb
 bounds [0x000001e3f0eb0000, 0x000001e3f1120000, 0x000001e3f83e0000]
CodeHeap 'non-nmethods': size=5696Kb used=1062Kb max_used=1076Kb free=4633Kb
 bounds [0x000001e3f83e0000, 0x000001e3f8650000, 0x000001e3f8970000]
 total_blobs=295 nmethods=8 adapters=195
 compilation: enabled
              stopped_count=0, restarted_count=0
 full_count=0

Compilation events (13 events):
Event: 3.672 Thread 0x000001e3829db9c0    1       3       jdk.internal.util.ArraysSupport::signedHashCode (37 bytes)
Event: 3.672 Thread 0x000001e3829db9c0 nmethod 1 0x000001e3f0eb0010 code [0x000001e3f0eb01c0, 0x000001e3f0eb0390]
Event: 3.672 Thread 0x000001e3829db9c0    2       3       java.lang.String::hashCode (60 bytes)
Event: 3.673 Thread 0x000001e3829db9c0 nmethod 2 0x000001e3f0eb0490 code [0x000001e3f0eb0660, 0x000001e3f0eb09c0]
Event: 3.871 Thread 0x000001e3829db9c0    3       3       java.lang.Object::<init> (1 bytes)
Event: 3.871 Thread 0x000001e3829db9c0 nmethod 3 0x000001e3f0eb0a90 code [0x000001e3f0eb0c20, 0x000001e3f0eb0d28]
Event: 6.083 Thread 0x000001e3829db9c0    4       3       java.lang.StringLatin1::hashCode (52 bytes)
Event: 6.083 Thread 0x000001e3829db9c0 nmethod 4 0x000001e3f0eb0d90 code [0x000001e3f0eb0f60, 0x000001e3f0eb1198]
Event: 6.084 Thread 0x000001e3829db9c0    5       3       java.lang.Math::floorMod (20 bytes)
Event: 6.084 Thread 0x000001e3829db9c0 nmethod 5 0x000001e3f0eb1290 code [0x000001e3f0eb1440, 0x000001e3f0eb15f0]
Event: 6.104 Thread 0x000001e3829db9c0    6       3       java.util.ImmutableCollections$SetN::probe (56 bytes)
Event: 6.104 Thread 0x000001e3829db9c0 nmethod 6 0x000001e3f0eb1690 code [0x000001e3f0eb1880, 0x000001e3f0eb1db0]
Event: 6.106 Thread 0x000001e3829db9c0    7       3       jdk.internal.util.ArraysSupport::vectorizedHashCode (158 bytes)

GC Heap History (0 events):
No events

Dll operation events (2 events):
Event: 0.035 Loaded shared library C:\Program Files\Java\jdk-21\bin\java.dll
Event: 2.724 Loaded shared library C:\Program Files\Java\jdk-21\bin\jsvml.dll

Deoptimization events (0 events):
No events

Classes loaded (20 events):
Event: 6.040 Loading class jdk/internal/module/SystemModulesMap done
Event: 6.040 Loading class jdk/internal/module/SystemModules$all
Event: 6.060 Loading class jdk/internal/module/SystemModules
Event: 6.063 Loading class jdk/internal/module/SystemModules done
Event: 6.063 Loading class jdk/internal/module/SystemModules$all done
Event: 6.063 Loading class jdk/internal/module/Builder
Event: 6.068 Loading class jdk/internal/module/Builder done
Event: 6.068 Loading class java/lang/module/ModuleDescriptor$Requires
Event: 6.075 Loading class java/lang/module/ModuleDescriptor$Requires done
Event: 6.075 Loading class java/lang/module/ModuleDescriptor$Exports
Event: 6.082 Loading class java/lang/module/ModuleDescriptor$Exports done
Event: 6.082 Loading class java/util/ImmutableCollections$SetN$SetNIterator
Event: 6.083 Loading class java/util/ImmutableCollections$SetN$SetNIterator done
Event: 6.084 Loading class java/lang/module/ModuleDescriptor$Opens
Event: 6.103 Loading class java/lang/module/ModuleDescriptor$Opens done
Event: 6.105 Loading class java/lang/module/ModuleDescriptor$Provides
Event: 6.105 Loading class java/lang/module/ModuleDescriptor$Provides done
Event: 6.105 Loading class java/util/ImmutableCollections$List12
Event: 6.105 Loading class java/util/ImmutableCollections$List12 done
Event: 6.106 Loading class java/lang/module/ModuleDescriptor$Version

Classes unloaded (0 events):
No events

Classes redefined (0 events):
No events

Internal exceptions (0 events):
No events

ZGC Phase Switch (0 events):
No events

VM Operations (0 events):
No events

Events (9 events):
Event: 0.047 Thread 0x000001e3e8a50500 Thread added: 0x000001e3e8a50500
Event: 2.322 Thread 0x000001e3821b4f10 Thread added: 0x000001e3821b4f10
Event: 2.323 Thread 0x000001e3821b7760 Thread added: 0x000001e3821b7760
Event: 2.715 Thread 0x000001e3821bd420 Thread added: 0x000001e3821bd420
Event: 2.715 Thread 0x000001e3821bff90 Thread added: 0x000001e3821bff90
Event: 2.715 Thread 0x000001e3821cafd0 Thread added: 0x000001e3821cafd0
Event: 2.715 Thread 0x000001e3821cb640 Thread added: 0x000001e3821cb640
Event: 2.716 Thread 0x000001e3821cc3d0 Thread added: 0x000001e3821cc3d0
Event: 2.849 Thread 0x000001e3829db9c0 Thread added: 0x000001e3829db9c0


Dynamic libraries:
0x00007ff77ea40000 - 0x00007ff77ea50000 	C:\Program Files\Java\jdk-21\bin\java.exe
0x00007fff066d0000 - 0x00007fff068e7000 	C:\WINDOWS\SYSTEM32\ntdll.dll
0x00007fff05560000 - 0x00007fff05624000 	C:\WINDOWS\System32\KERNEL32.DLL
0x00007fff03b10000 - 0x00007fff03ebd000 	C:\WINDOWS\System32\KERNELBASE.dll
0x00007fff039f0000 - 0x00007fff03b01000 	C:\WINDOWS\System32\ucrtbase.dll
0x00007ffefbe50000 - 0x00007ffefbe69000 	C:\Program Files\Java\jdk-21\bin\jli.dll
0x00007fff05800000 - 0x00007fff058b2000 	C:\WINDOWS\System32\ADVAPI32.dll
0x00007fff04400000 - 0x00007fff044a7000 	C:\WINDOWS\System32\msvcrt.dll
0x00007fff05660000 - 0x00007fff05709000 	C:\WINDOWS\System32\sechost.dll
0x00007fff03ec0000 - 0x00007fff03ee8000 	C:\WINDOWS\System32\bcrypt.dll
0x00007fff04f40000 - 0x00007fff05054000 	C:\WINDOWS\System32\RPCRT4.dll
0x00007fff04560000 - 0x00007fff0470e000 	C:\WINDOWS\System32\USER32.dll
0x00007fff04240000 - 0x00007fff04266000 	C:\WINDOWS\System32\win32u.dll
0x00007fff05630000 - 0x00007fff05659000 	C:\WINDOWS\System32\GDI32.dll
0x00007fff042e0000 - 0x00007fff043f9000 	C:\WINDOWS\System32\gdi32full.dll
0x00007fff03fb0000 - 0x00007fff0404a000 	C:\WINDOWS\System32\msvcp_win.dll
0x00007ffefce70000 - 0x00007ffefce8b000 	C:\Program Files\Java\jdk-21\bin\VCRUNTIME140.dll
0x00007ffeeaf00000 - 0x00007ffeeb193000 	C:\WINDOWS\WinSxS\amd64_microsoft.windows.common-controls_6595b64144ccf1df_6.0.22621.3672_none_2713b9d173822955\COMCTL32.dll
0x00007ffefd0a0000 - 0x00007ffefd0aa000 	C:\WINDOWS\SYSTEM32\VERSION.dll
0x00007fff04710000 - 0x00007fff04741000 	C:\WINDOWS\System32\IMM32.DLL
0x00007ffefde90000 - 0x00007ffefde9c000 	C:\Program Files\Java\jdk-21\bin\vcruntime140_1.dll
0x00007ffed0d30000 - 0x00007ffed0dbe000 	C:\Program Files\Java\jdk-21\bin\msvcp140.dll
0x00007ffeafa30000 - 0x00007ffeb0747000 	C:\Program Files\Java\jdk-21\bin\server\jvm.dll
0x00007fff065f0000 - 0x00007fff06661000 	C:\WINDOWS\System32\WS2_32.dll
0x00007fff03810000 - 0x00007fff0385d000 	C:\WINDOWS\SYSTEM32\POWRPROF.dll
0x00007ffefd2c0000 - 0x00007ffefd2f4000 	C:\WINDOWS\SYSTEM32\WINMM.dll
0x00007fff036f0000 - 0x00007fff03703000 	C:\WINDOWS\SYSTEM32\UMPDC.dll
0x00007fff02a40000 - 0x00007fff02a58000 	C:\WINDOWS\SYSTEM32\kernel.appcore.dll
0x00007ffefce60000 - 0x00007ffefce6a000 	C:\Program Files\Java\jdk-21\bin\jimage.dll
0x00007fff01390000 - 0x00007fff015c2000 	C:\WINDOWS\SYSTEM32\DBGHELP.DLL
0x00007fff05110000 - 0x00007fff0549e000 	C:\WINDOWS\System32\combase.dll
0x00007fff04e50000 - 0x00007fff04f27000 	C:\WINDOWS\System32\OLEAUT32.dll
0x00007ffefb200000 - 0x00007ffefb232000 	C:\WINDOWS\SYSTEM32\dbgcore.DLL
0x00007fff041c0000 - 0x00007fff0423b000 	C:\WINDOWS\System32\bcryptPrimitives.dll
0x00007ffede6d0000 - 0x00007ffede6df000 	C:\Program Files\Java\jdk-21\bin\instrument.dll
0x00007ffef3c70000 - 0x00007ffef3c8f000 	C:\Program Files\Java\jdk-21\bin\java.dll
0x00007fff05ad0000 - 0x00007fff06337000 	C:\WINDOWS\System32\SHELL32.dll
0x00007fff01970000 - 0x00007fff0226f000 	C:\WINDOWS\SYSTEM32\windows.storage.dll
0x00007fff01830000 - 0x00007fff0196f000 	C:\WINDOWS\SYSTEM32\wintypes.dll
0x00007fff06340000 - 0x00007fff06439000 	C:\WINDOWS\System32\SHCORE.dll
0x00007fff05500000 - 0x00007fff0555e000 	C:\WINDOWS\System32\shlwapi.dll
0x00007fff03920000 - 0x00007fff03947000 	C:\WINDOWS\SYSTEM32\profapi.dll
0x00007ffeba5c0000 - 0x00007ffeba697000 	C:\Program Files\Java\jdk-21\bin\jsvml.dll

dbghelp: loaded successfully - version: 4.0.5 - missing functions: none
symbol engine: initialized successfully - sym options: 0x614 - pdb path: .;C:\Program Files\Java\jdk-21\bin;C:\WINDOWS\SYSTEM32;C:\WINDOWS\WinSxS\amd64_microsoft.windows.common-controls_6595b64144ccf1df_6.0.22621.3672_none_2713b9d173822955;C:\Program Files\Java\jdk-21\bin\server

VM Arguments:
jvm_args: --add-modules=ALL-SYSTEM --add-opens=java.base/java.util=ALL-UNNAMED --add-opens=java.base/java.lang=ALL-UNNAMED --add-opens=java.base/sun.nio.fs=ALL-UNNAMED -Declipse.application=org.eclipse.jdt.ls.core.id1 -Dosgi.bundles.defaultStartLevel=4 -Declipse.product=org.eclipse.jdt.ls.core.product -Djava.import.generatesMetadataFilesAtProjectRoot=false -DDetectVMInstallationsJob.disabled=true -Dfile.encoding=utf8 -XX:+UseParallelGC -XX:GCTimeRatio=4 -XX:AdaptiveSizePolicyWeight=90 -Dsun.zip.disableMemoryMapping=true -Xmx1G -Xms100m -Xlog:disable -javaagent:c:\Users\kaueh\.vscode\extensions\redhat.java-1.34.0-win32-x64\lombok\lombok-1.18.33.jar -XX:+HeapDumpOnOutOfMemoryError -XX:HeapDumpPath=c:\Users\kaueh\AppData\Roaming\Code\User\workspaceStorage\7f4693064c4c560487041e3fad78476f\redhat.java -Daether.dependencyCollector.impl=bf 
java_command: c:\Users\kaueh\.vscode\extensions\redhat.java-1.34.0-win32-x64\server\plugins\org.eclipse.equinox.launcher_1.6.900.v20240613-2009.jar -configuration c:\Users\kaueh\AppData\Roaming\Code\User\globalStorage\redhat.java\1.34.0\config_win -data c:\Users\kaueh\AppData\Roaming\Code\User\workspaceStorage\7f4693064c4c560487041e3fad78476f\redhat.java\jdt_ws --pipe=\\.\pipe\lsp-1f82e2a4ff406ea3511dc87b9b7f27ad-sock
java_class_path (initial): c:\Users\kaueh\.vscode\extensions\redhat.java-1.34.0-win32-x64\server\plugins\org.eclipse.equinox.launcher_1.6.900.v20240613-2009.jar
Launcher Type: SUN_STANDARD

[Global flags]
    uintx AdaptiveSizePolicyWeight                 = 90                                        {product} {command line}
     intx CICompilerCount                          = 2                                         {product} {ergonomic}
    uintx GCTimeRatio                              = 4                                         {product} {command line}
     bool HeapDumpOnOutOfMemoryError               = true                                   {manageable} {command line}
    ccstr HeapDumpPath                             = c:\Users\kaueh\AppData\Roaming\Code\User\workspaceStorage\7f4693064c4c560487041e3fad78476f\redhat.java         {manageable} {command line}
   size_t InitialHeapSize                          = 104857600                                 {product} {command line}
   size_t MaxHeapSize                              = 1073741824                                {product} {command line}
   size_t MaxNewSize                               = 357564416                                 {product} {ergonomic}
   size_t MinHeapDeltaBytes                        = 524288                                    {product} {ergonomic}
   size_t MinHeapSize                              = 104857600                                 {product} {command line}
   size_t NewSize                                  = 34603008                                  {product} {ergonomic}
    uintx NonNMethodCodeHeapSize                   = 5826188                                {pd product} {ergonomic}
    uintx NonProfiledCodeHeapSize                  = 122916026                              {pd product} {ergonomic}
   size_t OldSize                                  = 70254592                                  {product} {ergonomic}
    uintx ProfiledCodeHeapSize                     = 122916026                              {pd product} {ergonomic}
    uintx ReservedCodeCacheSize                    = 251658240                              {pd product} {ergonomic}
     bool SegmentedCodeCache                       = true                                      {product} {ergonomic}
   size_t SoftMaxHeapSize                          = 1073741824                             {manageable} {ergonomic}
     bool UseCompressedOops                        = true                           {product lp64_product} {ergonomic}
     bool UseLargePagesIndividualAllocation        = false                                  {pd product} {ergonomic}
     bool UseParallelGC                            = true                                      {product} {command line}

Logging:
Log output configuration:
 #0: stdout all=off uptime,level,tags foldmultilines=false
 #1: stderr all=off uptime,level,tags foldmultilines=false

Environment Variables:
JAVA_HOME=C:\Program Files\Java\jdk-21
PATH=C:\Program Files\Common Files\Oracle\Java\javapath;C:\Program Files (x86)\Common Files\Oracle\Java\javapath;C:\WINDOWS\system32;C:\WINDOWS;C:\WINDOWS\System32\Wbem;C:\WINDOWS\System32\WindowsPowerShell\v1.0\;C:\WINDOWS\System32\OpenSSH\;C:\Program Files\nodejs\;C:\Program Files (x86)\Microsoft SQL Server\160\DTS\Binn\;C:\Program Files (x86)\Microsoft SQL Server\160\Tools\Binn\;C:\Program Files\Microsoft SQL Server\160\Tools\Binn\;C:\Program Files\Microsoft SQL Server\Client SDK\ODBC\170\Tools\Binn\;C:\Program Files\Microsoft SQL Server\160\DTS\Binn\;C:\Program Files\Git\cmd;C:\Program Files\Java\jdk-21\bin;C:\Users\kaueh\Downloads\apache-maven-3.9.6-bin\apache-maven-3.9.6\bin;C:\Program Files\MySQL\MySQL Server 8.1\bin;C:\Program Files\MongoDB\mongosh\mongosh\bin;C:\Users\kaueh\AppData\Local\Programs\Python\Python311\Scripts\;C:\Users\kaueh\AppData\Local\Programs\Python\Python311\;C:\Users\kaueh\AppData\Local\Microsoft\WindowsApps;C:\Users\kaueh\AppData\Local\Programs\Microsoft VS Code\bin;C:\Users\kaueh\AppData\Roaming\npm;C:\Program Files\Azure Data Studio\bin;C:\Program Files\MongoDB\mongosh\mongosh\bin;
USERNAME=kaueh
OS=Windows_NT
PROCESSOR_IDENTIFIER=Intel64 Family 6 Model 122 Stepping 8, GenuineIntel
TMP=C:\Users\kaueh\AppData\Local\Temp
TEMP=C:\Users\kaueh\AppData\Local\Temp




Periodic native trim disabled

---------------  S Y S T E M  ---------------

OS:
 Windows 11 , 64 bit Build 22621 (10.0.22621.3958)
OS uptime: 3 days 3:15 hours

CPU: total 2 (initial active 2) (2 cores per cpu, 1 threads per core) family 6 model 122 stepping 8 microcode 0x20, cx8, cmov, fxsr, mmx, 3dnowpref, sse, sse2, sse3, ssse3, sse4.1, sse4.2, popcnt, tsc, tscinvbit, aes, erms, clmul, sha, clflush, clflushopt, rdtscp, rdpid
Processor Information for all 2 processors :
  Max Mhz: 1101, Current Mhz: 1101, Mhz Limit: 1101

Memory: 4k page, system-wide physical 3737M (182M free)
TotalPageFile size 15001M (AvailPageFile size 0M)
current process WorkingSet (physical memory assigned to process): 25M, peak: 25M
current process commit charge ("private bytes"): 160M, peak: 160M

vm_info: Java HotSpot(TM) 64-Bit Server VM (21.0.2+13-LTS-58) for windows-amd64 JRE (21.0.2+13-LTS-58), built on 2024-01-05T18:32:24Z by "mach5one" with MS VC++ 17.1 (VS2022)

END.
